<?xml version="1.0" encoding="UTF-8"?>
<testng-results ignored="0" total="1" passed="1" failed="0" skipped="0">
  <reporter-output>
  </reporter-output>
  <suite started-at="2018-09-21T10:12:57Z" name="Default suite" finished-at="2018-09-21T10:13:26Z" duration-ms="29000">
    <groups>
    </groups>
    <test started-at="2018-09-21T10:12:57Z" name="Default test" finished-at="2018-09-21T10:13:26Z" duration-ms="29000">
      <class name="com.tatasky.test.smoke.TestLoginS187654">
        <test-method is-config="true" signature="preCondition()[pri:0, instance:com.tatasky.test.smoke.TestLoginS187654@672872e1]" started-at="2018-09-21T10:12:57Z" name="preCondition" finished-at="2018-09-21T10:13:14Z" duration-ms="17287" status="PASS">
          <reporter-output>
          </reporter-output>
        </test-method> <!-- preCondition -->
        <test-method signature="testLoginInvalidTC197543()[pri:0, instance:com.tatasky.test.smoke.TestLoginS187654@672872e1]" started-at="2018-09-21T10:13:14Z" name="testLoginInvalidTC197543" finished-at="2018-09-21T10:13:22Z" duration-ms="7824" status="PASS">
          <reporter-output>
          </reporter-output>
        </test-method> <!-- testLoginInvalidTC197543 -->
        <test-method is-config="true" signature="postCondition()[pri:0, instance:com.tatasky.test.smoke.TestLoginS187654@672872e1]" started-at="2018-09-21T10:13:22Z" name="postCondition" finished-at="2018-09-21T10:13:26Z" duration-ms="3741" status="PASS">
          <reporter-output>
          </reporter-output>
        </test-method> <!-- postCondition -->
      </class> <!-- com.tatasky.test.smoke.TestLoginS187654 -->
    </test> <!-- Default test -->
  </suite> <!-- Default suite -->
</testng-results>
