<?xml version="1.0" encoding="UTF-8"?>
<testng-results ignored="0" total="1" passed="1" failed="0" skipped="0">
  <reporter-output>
  </reporter-output>
  <suite started-at="2018-09-17T17:00:42Z" name="Default suite" finished-at="2018-09-17T17:01:08Z" duration-ms="26014">
    <groups>
    </groups>
    <test started-at="2018-09-17T17:00:42Z" name="Default test" finished-at="2018-09-17T17:01:08Z" duration-ms="26014">
      <class name="com.tatasky.test.smoke.SampleUnitTest">
        <test-method is-config="true" signature="preCondtion()[pri:0, instance:com.tatasky.test.smoke.SampleUnitTest@672872e1]" started-at="2018-09-17T17:00:42Z" name="preCondtion" finished-at="2018-09-17T17:01:01Z" duration-ms="18990" status="PASS">
          <reporter-output>
          </reporter-output>
        </test-method> <!-- preCondtion -->
        <test-method signature="testApp()[pri:0, instance:com.tatasky.test.smoke.SampleUnitTest@672872e1]" started-at="2018-09-17T17:01:01Z" name="testApp" finished-at="2018-09-17T17:01:05Z" duration-ms="3460" status="PASS">
          <reporter-output>
          </reporter-output>
        </test-method> <!-- testApp -->
        <test-method is-config="true" signature="postCondition()[pri:0, instance:com.tatasky.test.smoke.SampleUnitTest@672872e1]" started-at="2018-09-17T17:01:05Z" name="postCondition" finished-at="2018-09-17T17:01:08Z" duration-ms="3420" status="PASS">
          <reporter-output>
          </reporter-output>
        </test-method> <!-- postCondition -->
      </class> <!-- com.tatasky.test.smoke.SampleUnitTest -->
    </test> <!-- Default test -->
  </suite> <!-- Default suite -->
</testng-results>
